# JRE version: OpenJDK Runtime Environment (17.0.6) (build 17.0.6+0-b2043.56-9586694)
# Java VM: OpenJDK 64-Bit Server VM (17.0.6+0-b2043.56-9586694, mixed mode, tiered, compressed oops, compressed class ptrs, g1 gc, windows-amd64)
GC Precious Log:
 CPUs: 4 total, 4 available
 Memory: 3970M
 Large Page Support: Disabled
 NUMA Support: Disabled
 Compressed Oops: Enabled (32-bit)
 Heap Region Size: 1M
 Heap Min Capacity: 8M
 Heap Initial Capacity: 64M
 Heap Max Capacity: 2G
 Pre-touch: Disabled
 Parallel Workers: 4
 Concurrent Workers: 1
 Concurrent Refinement Workers: 4
 Periodic GC: Disabled
Heap:
 garbage-first heap   total 530432K, used 221696K [0x0000000080000000, 0x0000000100000000)
  region size 1024K, 4 young (4096K), 4 survivors (4096K)
 Metaspace       used 118748K, committed 119488K, reserved 1155072K
  class space    used 15833K, committed 16192K, reserved 1048576K
GC Heap History (20 events):
Event: 154.437 GC heap after
{Heap after GC invocations=45 (full 0):
 garbage-first heap   total 530432K, used 138192K [0x0000000080000000, 0x0000000100000000)
  region size 1024K, 11 young (11264K), 11 survivors (11264K)
 Metaspace       used 108376K, committed 109184K, reserved 1146880K
  class space    used 14262K, committed 14656K, reserved 1048576K
}
Event: 157.469 GC heap before
{Heap before GC invocations=45 (full 0):
 garbage-first heap   total 530432K, used 179152K [0x0000000080000000, 0x0000000100000000)
  region size 1024K, 52 young (53248K), 11 survivors (11264K)
 Metaspace       used 108834K, committed 109632K, reserved 1146880K
  class space    used 14330K, committed 14720K, reserved 1048576K
}
Event: 157.557 GC heap after
{Heap after GC invocations=46 (full 0):
 garbage-first heap   total 530432K, used 142237K [0x0000000080000000, 0x0000000100000000)
  region size 1024K, 4 young (4096K), 4 survivors (4096K)
 Metaspace       used 108834K, committed 109632K, reserved 1146880K
  class space    used 14330K, committed 14720K, reserved 1048576K
}
Event: 171.333 GC heap before
{Heap before GC invocations=46 (full 0):
 garbage-first heap   total 530432K, used 264093K [0x0000000080000000, 0x0000000100000000)
  region size 1024K, 84 young (86016K), 4 survivors (4096K)
 Metaspace       used 113453K, committed 114240K, reserved 1155072K
  class space    used 14958K, committed 15360K, reserved 1048576K
}
Event: 171.864 GC heap after
{Heap after GC invocations=47 (full 0):
 garbage-first heap   total 530432K, used 175969K [0x0000000080000000, 0x0000000100000000)
  region size 1024K, 13 young (13312K), 13 survivors (13312K)
 Metaspace       used 113453K, committed 114240K, reserved 1155072K
  class space    used 14958K, committed 15360K, reserved 1048576K
}
Event: 173.550 GC heap before
{Heap before GC invocations=47 (full 0):
 garbage-first heap   total 530432K, used 187233K [0x0000000080000000, 0x0000000100000000)
  region size 1024K, 25 young (25600K), 13 survivors (13312K)
 Metaspace       used 113580K, committed 114368K, reserved 1155072K
  class space    used 14970K, committed 15360K, reserved 1048576K
}
Event: 173.655 GC heap after
{Heap after GC invocations=48 (full 0):
 garbage-first heap   total 530432K, used 180784K [0x0000000080000000, 0x0000000100000000)
  region size 1024K, 4 young (4096K), 4 survivors (4096K)
 Metaspace       used 113580K, committed 114368K, reserved 1155072K
  class space    used 14970K, committed 15360K, reserved 1048576K
}
Event: 174.618 GC heap before
{Heap before GC invocations=48 (full 0):
 garbage-first heap   total 530432K, used 202288K [0x0000000080000000, 0x0000000100000000)
  region size 1024K, 25 young (25600K), 4 survivors (4096K)
 Metaspace       used 113581K, committed 114368K, reserved 1155072K
  class space    used 14970K, committed 15360K, reserved 1048576K
}
Event: 174.718 GC heap after
{Heap after GC invocations=49 (full 0):
 garbage-first heap   total 530432K, used 190138K [0x0000000080000000, 0x0000000100000000)
  region size 1024K, 4 young (4096K), 4 survivors (4096K)
 Metaspace       used 113581K, committed 114368K, reserved 1155072K
  class space    used 14970K, committed 15360K, reserved 1048576K
}
Event: 180.718 GC heap before
{Heap before GC invocations=50 (full 0):
 garbage-first heap   total 530432K, used 189114K [0x0000000080000000, 0x0000000100000000)
  region size 1024K, 25 young (25600K), 4 survivors (4096K)
 Metaspace       used 115945K, committed 116672K, reserved 1155072K
  class space    used 15463K, committed 15808K, reserved 1048576K
}
Event: 180.866 GC heap after
{Heap after GC invocations=51 (full 0):
 garbage-first heap   total 530432K, used 176128K [0x0000000080000000, 0x0000000100000000)
  region size 1024K, 4 young (4096K), 4 survivors (4096K)
 Metaspace       used 115945K, committed 116672K, reserved 1155072K
  class space    used 15463K, committed 15808K, reserved 1048576K
}
Event: 182.588 GC heap before
{Heap before GC invocations=51 (full 0):
 garbage-first heap   total 530432K, used 197632K [0x0000000080000000, 0x0000000100000000)
  region size 1024K, 25 young (25600K), 4 survivors (4096K)
 Metaspace       used 116044K, committed 116800K, reserved 1155072K
  class space    used 15463K, committed 15808K, reserved 1048576K
}
Event: 182.696 GC heap after
{Heap after GC invocations=52 (full 0):
 garbage-first heap   total 530432K, used 186368K [0x0000000080000000, 0x0000000100000000)
  region size 1024K, 4 young (4096K), 4 survivors (4096K)
 Metaspace       used 116044K, committed 116800K, reserved 1155072K
  class space    used 15463K, committed 15808K, reserved 1048576K
}
Event: 183.809 GC heap before
{Heap before GC invocations=52 (full 0):
 garbage-first heap   total 530432K, used 206848K [0x0000000080000000, 0x0000000100000000)
  region size 1024K, 25 young (25600K), 4 survivors (4096K)
 Metaspace       used 116083K, committed 116800K, reserved 1155072K
  class space    used 15465K, committed 15808K, reserved 1048576K
}
Event: 183.931 GC heap after
{Heap after GC invocations=53 (full 0):
 garbage-first heap   total 530432K, used 192995K [0x0000000080000000, 0x0000000100000000)
  region size 1024K, 4 young (4096K), 4 survivors (4096K)
 Metaspace       used 116083K, committed 116800K, reserved 1155072K
  class space    used 15465K, committed 15808K, reserved 1048576K
}
Event: 184.360 GC heap before
{Heap before GC invocations=53 (full 0):
 garbage-first heap   total 530432K, used 213475K [0x0000000080000000, 0x0000000100000000)
  region size 1024K, 25 young (25600K), 4 survivors (4096K)
 Metaspace       used 116085K, committed 116800K, reserved 1155072K
  class space    used 15465K, committed 15808K, reserved 1048576K
}
Event: 184.441 GC heap after
{Heap after GC invocations=54 (full 0):
 garbage-first heap   total 530432K, used 204800K [0x0000000080000000, 0x0000000100000000)
  region size 1024K, 4 young (4096K), 4 survivors (4096K)
 Metaspace       used 116085K, committed 116800K, reserved 1155072K
  class space    used 15465K, committed 15808K, reserved 1048576K
}
Event: 185.442 GC heap before
{Heap before GC invocations=54 (full 0):
 garbage-first heap   total 530432K, used 225280K [0x0000000080000000, 0x0000000100000000)
  region size 1024K, 25 young (25600K), 4 survivors (4096K)
 Metaspace       used 116086K, committed 116800K, reserved 1155072K
  class space    used 15465K, committed 15808K, reserved 1048576K
}
Event: 185.491 GC heap after
{Heap after GC invocations=55 (full 0):
 garbage-first heap   total 530432K, used 216052K [0x0000000080000000, 0x0000000100000000)
  region size 1024K, 4 young (4096K), 4 survivors (4096K)
 Metaspace       used 116086K, committed 116800K, reserved 1155072K
  class space    used 15465K, committed 15808K, reserved 1048576K
}
Event: 192.281 GC heap before
{Heap before GC invocations=55 (full 0):
 garbage-first heap   total 530432K, used 243700K [0x0000000080000000, 0x0000000100000000)
  region size 1024K, 31 young (31744K), 4 survivors (4096K)
 Metaspace       used 118748K, committed 119488K, reserved 1155072K
  class space    used 15833K, committed 16192K, reserved 1048576K
}

